<?xml version="1.0" encoding="UTF-8"?>
<testsuite name="com.epic.acrs.web.ACRSRunner" time="75.18" tests="1" errors="1" skipped="0" failures="0">
  <properties>
    <property name="java.runtime.name" value="Java(TM) SE Runtime Environment"/>
    <property name="java.vm.version" value="15.0.2+7-27"/>
    <property name="sun.boot.library.path" value="C:\Program Files\Java\jdk-15.0.2\bin"/>
    <property name="maven.multiModuleProjectDirectory" value="C:\ACRS Web Automation\epic_acrs_web_automation\epic_acrs_web"/>
    <property name="java.vm.vendor" value="Oracle Corporation"/>
    <property name="java.vendor.url" value="https://java.oracle.com/"/>
    <property name="guice.disable.misplaced.annotation.check" value="true"/>
    <property name="path.separator" value=";"/>
    <property name="java.vm.name" value="Java HotSpot(TM) 64-Bit Server VM"/>
    <property name="sun.os.patch.level" value=""/>
    <property name="user.script" value=""/>
    <property name="user.country" value="US"/>
    <property name="sun.java.launcher" value="SUN_STANDARD"/>
    <property name="java.vm.specification.name" value="Java Virtual Machine Specification"/>
    <property name="user.dir" value="C:\ACRS Web Automation\epic_acrs_web_automation\epic_acrs_web"/>
    <property name="java.vm.compressedOopsMode" value="Zero based"/>
    <property name="java.runtime.version" value="15.0.2+7-27"/>
    <property name="os.arch" value="amd64"/>
    <property name="java.io.tmpdir" value="C:\Users\PASIND~1\AppData\Local\Temp\"/>
    <property name="line.separator" value="&#10;"/>
    <property name="java.vm.specification.vendor" value="Oracle Corporation"/>
    <property name="user.variant" value=""/>
    <property name="os.name" value="Windows 10"/>
    <property name="classworlds.conf" value="C:\Program Files\Maven\apache-maven-3.9.5\bin\m2.conf"/>
    <property name="sun.jnu.encoding" value="Cp1252"/>
    <property name="java.library.path" value="C:\Program Files\Java\jdk-15.0.2\bin;C:\Windows\Sun\Java\bin;C:\Windows\system32;C:\Windows;C:\Windows\system32;C:\Windows;C:\Windows\System32\Wbem;C:\Windows\System32\WindowsPowerShell\v1.0\;C:\Windows\System32\OpenSSH\;C:\Program Files (x86)\Intel\Intel(R) Management Engine Components\DAL;C:\Program Files\Intel\Intel(R) Management Engine Components\DAL;C:\Program Files\Maven\apache-maven-3.9.5\bin;C:\Program Files\Java\jdk-15.0.2\bin;C:\Users\pasindu_k\AppData\Local\Microsoft\WindowsApps;C:\Users\pasindu_k\AppData\Local\Programs\Git\cmd;."/>
    <property name="maven.conf" value="C:\Program Files\Maven\apache-maven-3.9.5/conf"/>
    <property name="jdk.debug" value="release"/>
    <property name="java.class.version" value="59.0"/>
    <property name="java.specification.name" value="Java Platform API Specification"/>
    <property name="sun.management.compiler" value="HotSpot 64-Bit Tiered Compilers"/>
    <property name="os.version" value="10.0"/>
    <property name="library.jansi.path" value="C:\Program Files\Maven\apache-maven-3.9.5\lib\jansi-native"/>
    <property name="user.home" value="C:\Users\pasindu_k"/>
    <property name="user.timezone" value="Asia/Colombo"/>
    <property name="file.encoding" value="Cp1252"/>
    <property name="java.specification.version" value="15"/>
    <property name="user.name" value="pasindu_k"/>
    <property name="java.class.path" value="C:\Program Files\Maven\apache-maven-3.9.5\boot\plexus-classworlds-2.7.0.jar"/>
    <property name="java.vm.specification.version" value="15"/>
    <property name="sun.arch.data.model" value="64"/>
    <property name="sun.java.command" value="org.codehaus.plexus.classworlds.launcher.Launcher clean install"/>
    <property name="java.home" value="C:\Program Files\Java\jdk-15.0.2"/>
    <property name="user.language" value="en"/>
    <property name="java.specification.vendor" value="Oracle Corporation"/>
    <property name="java.vm.info" value="mixed mode, sharing"/>
    <property name="java.version" value="15.0.2"/>
    <property name="java.vendor" value="Oracle Corporation"/>
    <property name="sun.stderr.encoding" value="cp437"/>
    <property name="maven.home" value="C:\Program Files\Maven\apache-maven-3.9.5"/>
    <property name="file.separator" value="\"/>
    <property name="java.version.date" value="2021-01-19"/>
    <property name="java.vendor.url.bug" value="https://bugreport.java.com/bugreport/"/>
    <property name="sun.io.unicode.encoding" value="UnicodeLittle"/>
    <property name="sun.cpu.endian" value="little"/>
    <property name="sun.stdout.encoding" value="cp437"/>
    <property name="sun.cpu.isalist" value="amd64"/>
  </properties>
  <testcase name="Verify successful login enter valid username and password in acrs web portal" classname="Verify Login Page of EPIC ACRS Web Portal" time="75.18">
    <error message="Cannot locate element with text: Institute 1&#10;For documentation on this error, please visit: https://www.seleniumhq.org/exceptions/no_such_element.html&#10;Build info: version: &apos;3.141.59&apos;, revision: &apos;e82be7d358&apos;, time: &apos;2018-11-14T08:17:03&apos;&#10;System info: host: &apos;PASINDU5320&apos;, ip: &apos;192.168.20.147&apos;, os.name: &apos;Windows 10&apos;, os.arch: &apos;amd64&apos;, os.version: &apos;10.0&apos;, java.version: &apos;15.0.2&apos;&#10;Driver info: driver.version: unknown" type="org.openqa.selenium.NoSuchElementException">org.openqa.selenium.NoSuchElementException: Cannot locate element with text: Institute 1
For documentation on this error, please visit: https://www.seleniumhq.org/exceptions/no_such_element.html
Build info: version: '3.141.59', revision: 'e82be7d358', time: '2018-11-14T08:17:03'
System info: host: 'PASINDU5320', ip: '192.168.20.147', os.name: 'Windows 10', os.arch: 'amd64', os.version: '10.0', java.version: '15.0.2'
Driver info: driver.version: unknown
	at org.openqa.selenium.support.ui.Select.selectByVisibleText(Select.java:147)
	at com.epic.acrs.web.PageObject.CommonFunctionPO.selectInstitute(CommonFunctionPO.java:26)
	at com.epic.acrs.web.StepDefinition.CommonFunctionStepDefinition.I_select_the_institute_as(CommonFunctionStepDefinition.java:22)
	at ✽.I select the institute as "Institute"(file:///C:/ACRS%20Web%20Automation/epic_acrs_web_automation/epic_acrs_web/src/resources/Features/LoginLogout.feature:13)
</error>
    <system-out><![CDATA[Load Property File
Startup Web Driver Method_______________

@LoginLogoutPage @SuccessfulLogin
Scenario: Verify successful login enter valid username and password in acrs web portal &amp#27;[90m# src/resources/Features/LoginLogout.feature:12&amp#27;[0m
  &amp#27;[32mGiven &amp#27;[0m&amp#27;[32mI open URL as "&amp#27;[0m&amp#27;[32m&amp#27;[1murl_QA&amp#27;[0m&amp#27;[32m"&amp#27;[0m                                                         &amp#27;[90m# com.epic.acrs.web.StepDefinition.CommonFunctionStepDefinition.I_open_URL_as(java.lang.String)&amp#27;[0m
  &amp#27;[31mWhen &amp#27;[0m&amp#27;[31mI select the institute as "&amp#27;[0m&amp#27;[31m&amp#27;[1mInstitute&amp#27;[0m&amp#27;[31m"&amp#27;[0m                                           &amp#27;[90m# com.epic.acrs.web.StepDefinition.CommonFunctionStepDefinition.I_select_the_institute_as(java.lang.String)&amp#27;[0m
      &amp#27;[31morg.openqa.selenium.NoSuchElementException: Cannot locate element with text: Institute 1
For documentation on this error, please visit: https://www.seleniumhq.org/exceptions/no_such_element.html
Build info: version: '3.141.59', revision: 'e82be7d358', time: '2018-11-14T08:17:03'
System info: host: 'PASINDU5320', ip: '192.168.20.147', os.name: 'Windows 10', os.arch: 'amd64', os.version: '10.0', java.version: '15.0.2'
Driver info: driver.version: unknown
	at org.openqa.selenium.support.ui.Select.selectByVisibleText(Select.java:147)
	at com.epic.acrs.web.PageObject.CommonFunctionPO.selectInstitute(CommonFunctionPO.java:26)
	at com.epic.acrs.web.StepDefinition.CommonFunctionStepDefinition.I_select_the_institute_as(CommonFunctionStepDefinition.java:22)
	at âœ½.I select the institute as "Institute"(file:///C:/ACRS%20Web%20Automation/epic_acrs_web_automation/epic_acrs_web/src/resources/Features/LoginLogout.feature:13)
&amp#27;[0m
  &amp#27;[36mThen &amp#27;[0m&amp#27;[36mI enter the username as "&amp#27;[0m&amp#27;[36m&amp#27;[1mValidUsername&amp#27;[0m&amp#27;[36m"&amp#27;[0m                                         &amp#27;[90m# com.epic.acrs.web.StepDefinition.CommonFunctionStepDefinition.I_enter_the_username_as(java.lang.String)&amp#27;[0m
  &amp#27;[36mAnd &amp#27;[0m&amp#27;[36mI enter the password as "&amp#27;[0m&amp#27;[36m&amp#27;[1mValidPassword&amp#27;[0m&amp#27;[36m"&amp#27;[0m                                          &amp#27;[90m# com.epic.acrs.web.StepDefinition.CommonFunctionStepDefinition.I_enter_the_password_as(java.lang.String)&amp#27;[0m
  &amp#27;[36mAnd &amp#27;[0m&amp#27;[36mI click on the login button&amp#27;[0m                                                      &amp#27;[90m# com.epic.acrs.web.StepDefinition.CommonFunctionStepDefinition.I_click_on_the_login_button()&amp#27;[0m
  &amp#27;[36mAnd &amp#27;[0m&amp#27;[36mI verify home icon&amp#27;[0m                                                               &amp#27;[90m# com.epic.acrs.web.StepDefinition.CommonFunctionStepDefinition.I_verify_home_icon()&amp#27;[0m
  &amp#27;[36mAnd &amp#27;[0m&amp#27;[36mI click on the logout icon&amp#27;[0m                                                       &amp#27;[90m# com.epic.acrs.web.StepDefinition.CommonFunctionStepDefinition.I_click_on_the_logout_icon()&amp#27;[0m

    Embedding Web [image/png 297193 bytes]

]]></system-out>
    <system-err><![CDATA[Starting ChromeDriver 116.0.5845.96 (1a391816688002153ef791ffe60d9e899a71a037-refs/branch-heads/5845@{#1382}) on port 5703
Only local connections are allowed.
Please see https://chromedriver.chromium.org/security-considerations for suggestions on keeping ChromeDriver safe.
ChromeDriver was started successfully.
[1697099869.179][WARNING]: This version of ChromeDriver has not been tested with Chrome version 117.
Oct 12, 2023 2:07:49 PM org.openqa.selenium.remote.ProtocolHandshake createSession
INFO: Detected dialect: W3C
]]></system-err>
  </testcase>
</testsuite>